

Microchip MPLAB XC8 Assembler V2.20 build 20200408173844 
                                                                                               Mon Jun 15 12:28:51 2020

Microchip MPLAB XC8 C Compiler v2.20 (Pro license) build 20200408173844 Og9s 
     1                           	processor	16F15244
     2                           	pagewidth 120
     3                           	opt	plic
     4                           	psect	cinit,global,class=CODE,merge=1,delta=2
     5                           	psect	cstackCOMMON,global,class=COMMON,space=1,delta=1,noexec
     6                           	psect	config,global,abs,ovrld,class=CONFIG,space=4,delta=2,noexec
     7                           	psect	pa_nodes0,global,class=CODE,delta=2
     8                           	dabs	1,0x7E,2
     9  0000                     
    10                           ; Version 2.20
    11                           ; Generated 30/04/2020 GMT
    12                           ; 
    13                           ; Copyright © 2020, Microchip Technology Inc. and its subsidiaries ("Microchip")
    14                           ; All rights reserved.
    15                           ; 
    16                           ; This software is developed by Microchip Technology Inc. and its subsidiaries ("Microch
      +                          ip").
    17                           ; 
    18                           ; Redistribution and use in source and binary forms, with or without modification, are
    19                           ; permitted provided that the following conditions are met:
    20                           ; 
    21                           ;     1. Redistributions of source code must retain the above copyright notice, this lis
      +                          t of
    22                           ;        conditions and the following disclaimer.
    23                           ; 
    24                           ;     2. Redistributions in binary form must reproduce the above copyright notice, this 
      +                          list
    25                           ;        of conditions and the following disclaimer in the documentation and/or other
    26                           ;        materials provided with the distribution.
    27                           ; 
    28                           ;     3. Microchip's name may not be used to endorse or promote products derived from th
      +                          is
    29                           ;        software without specific prior written permission.
    30                           ; 
    31                           ; THIS SOFTWARE IS PROVIDED BY MICROCHIP "AS IS" AND ANY EXPRESS OR IMPLIED WARRANTIES,
    32                           ; INCLUDING, BUT NOT LIMITED TO, THE IMPLIED WARRANTIES OF MERCHANTABILITY AND FITNESS F
      +                          OR
    33                           ; PURPOSE ARE DISCLAIMED.  IN NO EVENT SHALL MICROCHIP BE LIABLE FOR ANY DIRECT, INDIREC
      +                          T,
    34                           ; INCIDENTAL, SPECIAL, EXEMPLARY, OR CONSEQUENTIAL DAMAGES (INCLUDING BUT NOT LIMITED TO
    35                           ; PROCUREMENT OF SUBSTITUTE GOODS OR SERVICES; LOSS OF USE, DATA OR PROFITS; OR BUSINESS
    36                           ; INTERRUPTION) HOWSOEVER CAUSED AND ON ANY THEORY OF LIABILITY, WHETHER IN CONTRACT, ST
      +                          RICT
    37                           ; LIABILITY, OR TORT (INCLUDING NEGLIGENCE OR OTHERWISE) ARISING IN ANY WAY OUT OF THE U
      +                          SE OF
    38                           ; THIS SOFTWARE, EVEN IF ADVISED OF THE POSSIBILITY OF SUCH DAMAGE.
    39                           ; 
    40                           ; 
    41                           ; Code-generator required, PIC16F15244 Definitions
    42                           ; 
    43                           ; SFR Addresses
    44  0000                     	;# 
    45  0001                     	;# 
    46  0002                     	;# 
    47  0003                     	;# 
    48  0004                     	;# 
    49  0005                     	;# 
    50  0006                     	;# 
    51  0007                     	;# 
    52  0008                     	;# 
    53  0009                     	;# 
    54  000A                     	;# 
    55  000B                     	;# 
    56  000C                     	;# 
    57  000D                     	;# 
    58  000E                     	;# 
    59  0012                     	;# 
    60  0013                     	;# 
    61  0014                     	;# 
    62  0018                     	;# 
    63  0019                     	;# 
    64  001A                     	;# 
    65  009A                     	;# 
    66  009B                     	;# 
    67  009B                     	;# 
    68  009C                     	;# 
    69  009D                     	;# 
    70  009E                     	;# 
    71  009F                     	;# 
    72  010C                     	;# 
    73  010D                     	;# 
    74  0119                     	;# 
    75  011A                     	;# 
    76  011B                     	;# 
    77  011B                     	;# 
    78  011C                     	;# 
    79  011D                     	;# 
    80  011E                     	;# 
    81  011F                     	;# 
    82  018C                     	;# 
    83  018D                     	;# 
    84  018E                     	;# 
    85  018F                     	;# 
    86  0190                     	;# 
    87  0191                     	;# 
    88  0192                     	;# 
    89  020C                     	;# 
    90  020D                     	;# 
    91  020E                     	;# 
    92  020E                     	;# 
    93  020F                     	;# 
    94  020F                     	;# 
    95  0210                     	;# 
    96  0210                     	;# 
    97  0211                     	;# 
    98  0211                     	;# 
    99  028C                     	;# 
   100  028C                     	;# 
   101  028D                     	;# 
   102  028D                     	;# 
   103  028E                     	;# 
   104  028F                     	;# 
   105  0290                     	;# 
   106  0291                     	;# 
   107  030C                     	;# 
   108  030C                     	;# 
   109  030D                     	;# 
   110  030E                     	;# 
   111  030F                     	;# 
   112  0310                     	;# 
   113  0310                     	;# 
   114  0311                     	;# 
   115  0312                     	;# 
   116  0313                     	;# 
   117  0314                     	;# 
   118  0314                     	;# 
   119  0315                     	;# 
   120  0316                     	;# 
   121  0318                     	;# 
   122  0318                     	;# 
   123  0319                     	;# 
   124  031A                     	;# 
   125  059C                     	;# 
   126  059C                     	;# 
   127  059D                     	;# 
   128  059D                     	;# 
   129  059E                     	;# 
   130  059F                     	;# 
   131  070C                     	;# 
   132  070D                     	;# 
   133  070E                     	;# 
   134  0716                     	;# 
   135  0717                     	;# 
   136  0718                     	;# 
   137  080C                     	;# 
   138  0811                     	;# 
   139  0813                     	;# 
   140  0814                     	;# 
   141  081A                     	;# 
   142  081A                     	;# 
   143  081B                     	;# 
   144  081C                     	;# 
   145  081C                     	;# 
   146  081D                     	;# 
   147  081E                     	;# 
   148  081F                     	;# 
   149  088E                     	;# 
   150  0890                     	;# 
   151  0891                     	;# 
   152  0892                     	;# 
   153  0893                     	;# 
   154  090C                     	;# 
   155  1E8F                     	;# 
   156  1E90                     	;# 
   157  1E91                     	;# 
   158  1E92                     	;# 
   159  1E93                     	;# 
   160  1E9C                     	;# 
   161  1EA1                     	;# 
   162  1EA2                     	;# 
   163  1EC3                     	;# 
   164  1EC5                     	;# 
   165  1EC6                     	;# 
   166  1EC7                     	;# 
   167  1ECB                     	;# 
   168  1ECB                     	;# 
   169  1ECB                     	;# 
   170  1ECC                     	;# 
   171  1ECC                     	;# 
   172  1ECC                     	;# 
   173  1F10                     	;# 
   174  1F11                     	;# 
   175  1F12                     	;# 
   176  1F14                     	;# 
   177  1F15                     	;# 
   178  1F1C                     	;# 
   179  1F1D                     	;# 
   180  1F1E                     	;# 
   181  1F1F                     	;# 
   182  1F20                     	;# 
   183  1F21                     	;# 
   184  1F22                     	;# 
   185  1F23                     	;# 
   186  1F24                     	;# 
   187  1F25                     	;# 
   188  1F26                     	;# 
   189  1F27                     	;# 
   190  1F38                     	;# 
   191  1F39                     	;# 
   192  1F3A                     	;# 
   193  1F3B                     	;# 
   194  1F3C                     	;# 
   195  1F3D                     	;# 
   196  1F3E                     	;# 
   197  1F3F                     	;# 
   198  1F43                     	;# 
   199  1F44                     	;# 
   200  1F45                     	;# 
   201  1F46                     	;# 
   202  1F47                     	;# 
   203  1F48                     	;# 
   204  1F49                     	;# 
   205  1F4A                     	;# 
   206  1F4E                     	;# 
   207  1F4F                     	;# 
   208  1F50                     	;# 
   209  1F51                     	;# 
   210  1F52                     	;# 
   211  1F53                     	;# 
   212  1F54                     	;# 
   213  1F55                     	;# 
   214  1FE4                     	;# 
   215  1FE5                     	;# 
   216  1FE6                     	;# 
   217  1FE7                     	;# 
   218  1FE8                     	;# 
   219  1FE8                     	;# 
   220  1FE9                     	;# 
   221  1FEA                     	;# 
   222  1FEB                     	;# 
   223  1FED                     	;# 
   224  1FEE                     	;# 
   225  1FEF                     	;# 
   226  0000                     	;# 
   227  0001                     	;# 
   228  0002                     	;# 
   229  0003                     	;# 
   230  0004                     	;# 
   231  0005                     	;# 
   232  0006                     	;# 
   233  0007                     	;# 
   234  0008                     	;# 
   235  0009                     	;# 
   236  000A                     	;# 
   237  000B                     	;# 
   238  000C                     	;# 
   239  000D                     	;# 
   240  000E                     	;# 
   241  0012                     	;# 
   242  0013                     	;# 
   243  0014                     	;# 
   244  0018                     	;# 
   245  0019                     	;# 
   246  001A                     	;# 
   247  009A                     	;# 
   248  009B                     	;# 
   249  009B                     	;# 
   250  009C                     	;# 
   251  009D                     	;# 
   252  009E                     	;# 
   253  009F                     	;# 
   254  010C                     	;# 
   255  010D                     	;# 
   256  0119                     	;# 
   257  011A                     	;# 
   258  011B                     	;# 
   259  011B                     	;# 
   260  011C                     	;# 
   261  011D                     	;# 
   262  011E                     	;# 
   263  011F                     	;# 
   264  018C                     	;# 
   265  018D                     	;# 
   266  018E                     	;# 
   267  018F                     	;# 
   268  0190                     	;# 
   269  0191                     	;# 
   270  0192                     	;# 
   271  020C                     	;# 
   272  020D                     	;# 
   273  020E                     	;# 
   274  020E                     	;# 
   275  020F                     	;# 
   276  020F                     	;# 
   277  0210                     	;# 
   278  0210                     	;# 
   279  0211                     	;# 
   280  0211                     	;# 
   281  028C                     	;# 
   282  028C                     	;# 
   283  028D                     	;# 
   284  028D                     	;# 
   285  028E                     	;# 
   286  028F                     	;# 
   287  0290                     	;# 
   288  0291                     	;# 
   289  030C                     	;# 
   290  030C                     	;# 
   291  030D                     	;# 
   292  030E                     	;# 
   293  030F                     	;# 
   294  0310                     	;# 
   295  0310                     	;# 
   296  0311                     	;# 
   297  0312                     	;# 
   298  0313                     	;# 
   299  0314                     	;# 
   300  0314                     	;# 
   301  0315                     	;# 
   302  0316                     	;# 
   303  0318                     	;# 
   304  0318                     	;# 
   305  0319                     	;# 
   306  031A                     	;# 
   307  059C                     	;# 
   308  059C                     	;# 
   309  059D                     	;# 
   310  059D                     	;# 
   311  059E                     	;# 
   312  059F                     	;# 
   313  070C                     	;# 
   314  070D                     	;# 
   315  070E                     	;# 
   316  0716                     	;# 
   317  0717                     	;# 
   318  0718                     	;# 
   319  080C                     	;# 
   320  0811                     	;# 
   321  0813                     	;# 
   322  0814                     	;# 
   323  081A                     	;# 
   324  081A                     	;# 
   325  081B                     	;# 
   326  081C                     	;# 
   327  081C                     	;# 
   328  081D                     	;# 
   329  081E                     	;# 
   330  081F                     	;# 
   331  088E                     	;# 
   332  0890                     	;# 
   333  0891                     	;# 
   334  0892                     	;# 
   335  0893                     	;# 
   336  090C                     	;# 
   337  1E8F                     	;# 
   338  1E90                     	;# 
   339  1E91                     	;# 
   340  1E92                     	;# 
   341  1E93                     	;# 
   342  1E9C                     	;# 
   343  1EA1                     	;# 
   344  1EA2                     	;# 
   345  1EC3                     	;# 
   346  1EC5                     	;# 
   347  1EC6                     	;# 
   348  1EC7                     	;# 
   349  1ECB                     	;# 
   350  1ECB                     	;# 
   351  1ECB                     	;# 
   352  1ECC                     	;# 
   353  1ECC                     	;# 
   354  1ECC                     	;# 
   355  1F10                     	;# 
   356  1F11                     	;# 
   357  1F12                     	;# 
   358  1F14                     	;# 
   359  1F15                     	;# 
   360  1F1C                     	;# 
   361  1F1D                     	;# 
   362  1F1E                     	;# 
   363  1F1F                     	;# 
   364  1F20                     	;# 
   365  1F21                     	;# 
   366  1F22                     	;# 
   367  1F23                     	;# 
   368  1F24                     	;# 
   369  1F25                     	;# 
   370  1F26                     	;# 
   371  1F27                     	;# 
   372  1F38                     	;# 
   373  1F39                     	;# 
   374  1F3A                     	;# 
   375  1F3B                     	;# 
   376  1F3C                     	;# 
   377  1F3D                     	;# 
   378  1F3E                     	;# 
   379  1F3F                     	;# 
   380  1F43                     	;# 
   381  1F44                     	;# 
   382  1F45                     	;# 
   383  1F46                     	;# 
   384  1F47                     	;# 
   385  1F48                     	;# 
   386  1F49                     	;# 
   387  1F4A                     	;# 
   388  1F4E                     	;# 
   389  1F4F                     	;# 
   390  1F50                     	;# 
   391  1F51                     	;# 
   392  1F52                     	;# 
   393  1F53                     	;# 
   394  1F54                     	;# 
   395  1F55                     	;# 
   396  1FE4                     	;# 
   397  1FE5                     	;# 
   398  1FE6                     	;# 
   399  1FE7                     	;# 
   400  1FE8                     	;# 
   401  1FE8                     	;# 
   402  1FE9                     	;# 
   403  1FEA                     	;# 
   404  1FEB                     	;# 
   405  1FED                     	;# 
   406  1FEE                     	;# 
   407  1FEF                     	;# 
   408  0000                     	;# 
   409  0001                     	;# 
   410  0002                     	;# 
   411  0003                     	;# 
   412  0004                     	;# 
   413  0005                     	;# 
   414  0006                     	;# 
   415  0007                     	;# 
   416  0008                     	;# 
   417  0009                     	;# 
   418  000A                     	;# 
   419  000B                     	;# 
   420  000C                     	;# 
   421  000D                     	;# 
   422  000E                     	;# 
   423  0012                     	;# 
   424  0013                     	;# 
   425  0014                     	;# 
   426  0018                     	;# 
   427  0019                     	;# 
   428  001A                     	;# 
   429  009A                     	;# 
   430  009B                     	;# 
   431  009B                     	;# 
   432  009C                     	;# 
   433  009D                     	;# 
   434  009E                     	;# 
   435  009F                     	;# 
   436  010C                     	;# 
   437  010D                     	;# 
   438  0119                     	;# 
   439  011A                     	;# 
   440  011B                     	;# 
   441  011B                     	;# 
   442  011C                     	;# 
   443  011D                     	;# 
   444  011E                     	;# 
   445  011F                     	;# 
   446  018C                     	;# 
   447  018D                     	;# 
   448  018E                     	;# 
   449  018F                     	;# 
   450  0190                     	;# 
   451  0191                     	;# 
   452  0192                     	;# 
   453  020C                     	;# 
   454  020D                     	;# 
   455  020E                     	;# 
   456  020E                     	;# 
   457  020F                     	;# 
   458  020F                     	;# 
   459  0210                     	;# 
   460  0210                     	;# 
   461  0211                     	;# 
   462  0211                     	;# 
   463  028C                     	;# 
   464  028C                     	;# 
   465  028D                     	;# 
   466  028D                     	;# 
   467  028E                     	;# 
   468  028F                     	;# 
   469  0290                     	;# 
   470  0291                     	;# 
   471  030C                     	;# 
   472  030C                     	;# 
   473  030D                     	;# 
   474  030E                     	;# 
   475  030F                     	;# 
   476  0310                     	;# 
   477  0310                     	;# 
   478  0311                     	;# 
   479  0312                     	;# 
   480  0313                     	;# 
   481  0314                     	;# 
   482  0314                     	;# 
   483  0315                     	;# 
   484  0316                     	;# 
   485  0318                     	;# 
   486  0318                     	;# 
   487  0319                     	;# 
   488  031A                     	;# 
   489  059C                     	;# 
   490  059C                     	;# 
   491  059D                     	;# 
   492  059D                     	;# 
   493  059E                     	;# 
   494  059F                     	;# 
   495  070C                     	;# 
   496  070D                     	;# 
   497  070E                     	;# 
   498  0716                     	;# 
   499  0717                     	;# 
   500  0718                     	;# 
   501  080C                     	;# 
   502  0811                     	;# 
   503  0813                     	;# 
   504  0814                     	;# 
   505  081A                     	;# 
   506  081A                     	;# 
   507  081B                     	;# 
   508  081C                     	;# 
   509  081C                     	;# 
   510  081D                     	;# 
   511  081E                     	;# 
   512  081F                     	;# 
   513  088E                     	;# 
   514  0890                     	;# 
   515  0891                     	;# 
   516  0892                     	;# 
   517  0893                     	;# 
   518  090C                     	;# 
   519  1E8F                     	;# 
   520  1E90                     	;# 
   521  1E91                     	;# 
   522  1E92                     	;# 
   523  1E93                     	;# 
   524  1E9C                     	;# 
   525  1EA1                     	;# 
   526  1EA2                     	;# 
   527  1EC3                     	;# 
   528  1EC5                     	;# 
   529  1EC6                     	;# 
   530  1EC7                     	;# 
   531  1ECB                     	;# 
   532  1ECB                     	;# 
   533  1ECB                     	;# 
   534  1ECC                     	;# 
   535  1ECC                     	;# 
   536  1ECC                     	;# 
   537  1F10                     	;# 
   538  1F11                     	;# 
   539  1F12                     	;# 
   540  1F14                     	;# 
   541  1F15                     	;# 
   542  1F1C                     	;# 
   543  1F1D                     	;# 
   544  1F1E                     	;# 
   545  1F1F                     	;# 
   546  1F20                     	;# 
   547  1F21                     	;# 
   548  1F22                     	;# 
   549  1F23                     	;# 
   550  1F24                     	;# 
   551  1F25                     	;# 
   552  1F26                     	;# 
   553  1F27                     	;# 
   554  1F38                     	;# 
   555  1F39                     	;# 
   556  1F3A                     	;# 
   557  1F3B                     	;# 
   558  1F3C                     	;# 
   559  1F3D                     	;# 
   560  1F3E                     	;# 
   561  1F3F                     	;# 
   562  1F43                     	;# 
   563  1F44                     	;# 
   564  1F45                     	;# 
   565  1F46                     	;# 
   566  1F47                     	;# 
   567  1F48                     	;# 
   568  1F49                     	;# 
   569  1F4A                     	;# 
   570  1F4E                     	;# 
   571  1F4F                     	;# 
   572  1F50                     	;# 
   573  1F51                     	;# 
   574  1F52                     	;# 
   575  1F53                     	;# 
   576  1F54                     	;# 
   577  1F55                     	;# 
   578  1FE4                     	;# 
   579  1FE5                     	;# 
   580  1FE6                     	;# 
   581  1FE7                     	;# 
   582  1FE8                     	;# 
   583  1FE8                     	;# 
   584  1FE9                     	;# 
   585  1FEA                     	;# 
   586  1FEB                     	;# 
   587  1FED                     	;# 
   588  1FEE                     	;# 
   589  1FEF                     	;# 
   590  0012                     _TRISAbits	set	18
   591  0014                     _TRISC	set	20
   592  0013                     _TRISB	set	19
   593  0012                     _TRISA	set	18
   594  001A                     _LATC	set	26
   595  0019                     _LATB	set	25
   596  0018                     _LATA	set	24
   597  080C                     _WDTCON	set	2060
   598  0892                     _OSCTUNE	set	2194
   599  0893                     _OSCFRQ	set	2195
   600  0891                     _OSCEN	set	2193
   601  1F52                     _INLVLC	set	8018
   602  1F47                     _INLVLB	set	8007
   603  1F3C                     _INLVLA	set	7996
   604  1F51                     _SLRCONC	set	8017
   605  1F46                     _SLRCONB	set	8006
   606  1F3B                     _SLRCONA	set	7995
   607  1F50                     _ODCONC	set	8016
   608  1F45                     _ODCONB	set	8005
   609  1F3A                     _ODCONA	set	7994
   610  1F4F                     _WPUC	set	8015
   611  1F39                     _WPUA	set	7993
   612  1F44                     _WPUB	set	8004
   613  1F38                     _ANSELA	set	7992
   614  1F43                     _ANSELB	set	8003
   615  1F4E                     _ANSELC	set	8014
   616                           
   617                           	psect	cinit
   618  07A6                     start_initialization:	
   619                           ; #config settings
   620                           
   621  07A6                     __initialization:
   622  07A6                     end_of_initialization:	
   623                           ;End of C runtime variable initialization code
   624                           
   625  07A6                     __end_of__initialization:
   626  07A6  0140               	movlb	0
   627  07A7  2FA8               	ljmp	l659	;jump to C main() function
   628  07A8                     __pmaintext:	
   629 ;;
   630 ;;Main: autosize = 0, tempsize = 2, incstack = 0, save=0
   631 ;;
   632 ;; *************** function _main *****************
   633 ;; Defined at:
   634 ;;		line 49 in file "main.c"
   635 ;; Parameters:    Size  Location     Type
   636 ;;		None
   637 ;; Auto vars:     Size  Location     Type
   638 ;;		None
   639 ;; Return value:  Size  Location     Type
   640 ;;                  1    wreg      void 
   641 ;; Registers used:
   642 ;;		wreg, status,2, status,0, pclath, cstack
   643 ;; Tracked objects:
   644 ;;		On entry : B3F/0
   645 ;;		On exit  : 0/0
   646 ;;		Unchanged: 0/0
   647 ;; Data sizes:     COMMON   BANK0   BANK1   BANK2   BANK3   BANK4   BANK5   BANK6
   648 ;;      Params:         0       0       0       0       0       0       0       0
   649 ;;      Locals:         0       0       0       0       0       0       0       0
   650 ;;      Temps:          2       0       0       0       0       0       0       0
   651 ;;      Totals:         2       0       0       0       0       0       0       0
   652 ;;Total ram usage:        2 bytes
   653 ;; Hardware stack levels required when called:    2
   654 ;; This function calls:
   655 ;;		_SYSTEM_Initialize
   656 ;; This function is called by:
   657 ;;		Startup code after reset
   658 ;; This function uses a non-reentrant model
   659 ;;
   660                           
   661                           
   662                           ;psect for function _main
   663  07A8                     _main:
   664  07A8                     l659:	
   665                           ;incstack = 0
   666                           ; Regs used in _main: [wreg+status,2+status,0+pclath+cstack]
   667                           
   668                           
   669                           ;main.c: 51:     SYSTEM_Initialize();
   670  07A8  27CF  3187         	fcall	_SYSTEM_Initialize
   671  07AA  0064               	clrwdt	;# 
   672  07AB  0140               	movlb	0	; select bank0
   673  07AC  1112               	bcf	18,2	;volatile
   674                           
   675                           ;main.c: 58:         _delay((unsigned long)((1000)*(1000000/4000.0)));
   676  07AD  3002               	movlw	2
   677  07AE  00F1               	movwf	??_main+1
   678  07AF  3045               	movlw	69
   679  07B0  00F0               	movwf	??_main
   680  07B1  30AA               	movlw	170
   681  07B2                     u17:
   682  07B2  0B89               	decfsz	9,f
   683  07B3  2FB2               	goto	u17
   684  07B4  0BF0               	decfsz	??_main,f
   685  07B5  2FB2               	goto	u17
   686  07B6  0BF1               	decfsz	??_main+1,f
   687  07B7  2FB2               	goto	u17
   688  07B8  0063               	sleep	;# 
   689  07B9                     l665:
   690  07B9  0140               	movlb	0	; select bank0
   691  07BA  1512               	bsf	18,2	;volatile
   692                           
   693                           ;main.c: 64:             _delay((unsigned long)((500)*(1000000/4000.0)));
   694  07BB  30A3               	movlw	163
   695  07BC  00F0               	movwf	??_main
   696  07BD  3055               	movlw	85
   697  07BE                     u27:
   698  07BE  0B89               	decfsz	9,f
   699  07BF  2FBE               	goto	u27
   700  07C0  0BF0               	decfsz	??_main,f
   701  07C1  2FBE               	goto	u27
   702  07C2  0000               	nop
   703  07C3  0140               	movlb	0	; select bank0
   704  07C4  1112               	bcf	18,2	;volatile
   705                           
   706                           ;main.c: 66:             _delay((unsigned long)((500)*(1000000/4000.0)));
   707  07C5  30A3               	movlw	163
   708  07C6  00F0               	movwf	??_main
   709  07C7  3055               	movlw	85
   710  07C8                     u37:
   711  07C8  0B89               	decfsz	9,f
   712  07C9  2FC8               	goto	u37
   713  07CA  0BF0               	decfsz	??_main,f
   714  07CB  2FC8               	goto	u37
   715  07CC  0000               	nop
   716  07CD  0064               	clrwdt	;# 
   717  07CE  2FB9               	goto	l665
   718  07CF                     __end_of_main:
   719  07CF                     __ptext1:	
   720 ;; *************** function _SYSTEM_Initialize *****************
   721 ;; Defined at:
   722 ;;		line 50 in file "mcc_generated_files/mcc.c"
   723 ;; Parameters:    Size  Location     Type
   724 ;;		None
   725 ;; Auto vars:     Size  Location     Type
   726 ;;		None
   727 ;; Return value:  Size  Location     Type
   728 ;;                  1    wreg      void 
   729 ;; Registers used:
   730 ;;		wreg, status,2, status,0, pclath, cstack
   731 ;; Tracked objects:
   732 ;;		On entry : B3F/0
   733 ;;		On exit  : 3F/10
   734 ;;		Unchanged: 0/0
   735 ;; Data sizes:     COMMON   BANK0   BANK1   BANK2   BANK3   BANK4   BANK5   BANK6
   736 ;;      Params:         0       0       0       0       0       0       0       0
   737 ;;      Locals:         0       0       0       0       0       0       0       0
   738 ;;      Temps:          0       0       0       0       0       0       0       0
   739 ;;      Totals:         0       0       0       0       0       0       0       0
   740 ;;Total ram usage:        0 bytes
   741 ;; Hardware stack levels used:    1
   742 ;; Hardware stack levels required when called:    1
   743 ;; This function calls:
   744 ;;		_OSCILLATOR_Initialize
   745 ;;		_PIN_MANAGER_Initialize
   746 ;;		_WDT_Initialize
   747 ;; This function is called by:
   748 ;;		_main
   749 ;; This function uses a non-reentrant model
   750 ;;
   751                           
   752                           
   753                           ;psect for function _SYSTEM_Initialize
   754  07CF                     _SYSTEM_Initialize:
   755                           
   756                           ;mcc_generated_files/mcc.c: 52:     PIN_MANAGER_Initialize();
   757                           
   758                           ;incstack = 0
   759                           ; Regs used in _SYSTEM_Initialize: [wreg+status,2+status,0+pclath+cstack]
   760  07CF  27D4  3187         	fcall	_PIN_MANAGER_Initialize
   761                           
   762                           ;mcc_generated_files/mcc.c: 53:     OSCILLATOR_Initialize();
   763  07D1  27F7  3187         	fcall	_OSCILLATOR_Initialize
   764                           
   765                           ;mcc_generated_files/mcc.c: 54:     WDT_Initialize();
   766  07D3  2FFC               	ljmp	l651
   767  07D4                     __end_of_SYSTEM_Initialize:
   768  07D4                     __ptext3:	
   769 ;; *************** function _PIN_MANAGER_Initialize *****************
   770 ;; Defined at:
   771 ;;		line 51 in file "mcc_generated_files/pin_manager.c"
   772 ;; Parameters:    Size  Location     Type
   773 ;;		None
   774 ;; Auto vars:     Size  Location     Type
   775 ;;		None
   776 ;; Return value:  Size  Location     Type
   777 ;;                  1    wreg      void 
   778 ;; Registers used:
   779 ;;		wreg, status,2
   780 ;; Tracked objects:
   781 ;;		On entry : B3F/0
   782 ;;		On exit  : B3F/3E
   783 ;;		Unchanged: B00/0
   784 ;; Data sizes:     COMMON   BANK0   BANK1   BANK2   BANK3   BANK4   BANK5   BANK6
   785 ;;      Params:         0       0       0       0       0       0       0       0
   786 ;;      Locals:         0       0       0       0       0       0       0       0
   787 ;;      Temps:          0       0       0       0       0       0       0       0
   788 ;;      Totals:         0       0       0       0       0       0       0       0
   789 ;;Total ram usage:        0 bytes
   790 ;; Hardware stack levels used:    1
   791 ;; This function calls:
   792 ;;		Nothing
   793 ;; This function is called by:
   794 ;;		_SYSTEM_Initialize
   795 ;; This function uses a non-reentrant model
   796 ;;
   797                           
   798                           
   799                           ;psect for function _PIN_MANAGER_Initialize
   800  07D4                     _PIN_MANAGER_Initialize:
   801                           
   802                           ;mcc_generated_files/pin_manager.c: 54:     LATA = 0x00;
   803                           
   804                           ;incstack = 0
   805                           ; Regs used in _PIN_MANAGER_Initialize: [wreg+status,2]
   806  07D4  0198               	clrf	24	;volatile
   807                           
   808                           ;mcc_generated_files/pin_manager.c: 55:     LATB = 0x00;
   809  07D5  0199               	clrf	25	;volatile
   810                           
   811                           ;mcc_generated_files/pin_manager.c: 56:     LATC = 0x00;
   812  07D6  019A               	clrf	26	;volatile
   813                           
   814                           ;mcc_generated_files/pin_manager.c: 59:     TRISA = 0x3B;
   815  07D7  303B               	movlw	59
   816  07D8  0092               	movwf	18	;volatile
   817                           
   818                           ;mcc_generated_files/pin_manager.c: 60:     TRISB = 0xF0;
   819  07D9  30F0               	movlw	240
   820  07DA  0093               	movwf	19	;volatile
   821                           
   822                           ;mcc_generated_files/pin_manager.c: 61:     TRISC = 0xFF;
   823  07DB  30FF               	movlw	255
   824  07DC  0094               	movwf	20	;volatile
   825                           
   826                           ;mcc_generated_files/pin_manager.c: 64:     ANSELC = 0xFF;
   827  07DD  017E               	movlb	62	; select bank62
   828  07DE  00CE               	movwf	78	;volatile
   829                           
   830                           ;mcc_generated_files/pin_manager.c: 65:     ANSELB = 0xF0;
   831  07DF  30F0               	movlw	240
   832  07E0  00C3               	movwf	67	;volatile
   833                           
   834                           ;mcc_generated_files/pin_manager.c: 66:     ANSELA = 0x33;
   835  07E1  3033               	movlw	51
   836  07E2  00B8               	movwf	56	;volatile
   837                           
   838                           ;mcc_generated_files/pin_manager.c: 69:     WPUB = 0x00;
   839  07E3  01C4               	clrf	68	;volatile
   840                           
   841                           ;mcc_generated_files/pin_manager.c: 70:     WPUA = 0x00;
   842  07E4  01B9               	clrf	57	;volatile
   843                           
   844                           ;mcc_generated_files/pin_manager.c: 71:     WPUC = 0x00;
   845  07E5  01CF               	clrf	79	;volatile
   846                           
   847                           ;mcc_generated_files/pin_manager.c: 74:     ODCONA = 0x04;
   848  07E6  3004               	movlw	4
   849  07E7  00BA               	movwf	58	;volatile
   850                           
   851                           ;mcc_generated_files/pin_manager.c: 75:     ODCONB = 0x00;
   852  07E8  01C5               	clrf	69	;volatile
   853                           
   854                           ;mcc_generated_files/pin_manager.c: 76:     ODCONC = 0x00;
   855  07E9  01D0               	clrf	80	;volatile
   856                           
   857                           ;mcc_generated_files/pin_manager.c: 79:     SLRCONA = 0x37;
   858  07EA  3037               	movlw	55
   859  07EB  00BB               	movwf	59	;volatile
   860                           
   861                           ;mcc_generated_files/pin_manager.c: 80:     SLRCONB = 0xF0;
   862  07EC  30F0               	movlw	240
   863  07ED  00C6               	movwf	70	;volatile
   864                           
   865                           ;mcc_generated_files/pin_manager.c: 81:     SLRCONC = 0xFF;
   866  07EE  30FF               	movlw	255
   867  07EF  00D1               	movwf	81	;volatile
   868                           
   869                           ;mcc_generated_files/pin_manager.c: 84:     INLVLA = 0x3F;
   870  07F0  303F               	movlw	63
   871  07F1  00BC               	movwf	60	;volatile
   872                           
   873                           ;mcc_generated_files/pin_manager.c: 85:     INLVLB = 0xF0;
   874  07F2  30F0               	movlw	240
   875  07F3  00C7               	movwf	71	;volatile
   876                           
   877                           ;mcc_generated_files/pin_manager.c: 86:     INLVLC = 0xFF;
   878  07F4  30FF               	movlw	255
   879  07F5  00D2               	movwf	82	;volatile
   880  07F6  0008               	return
   881  07F7                     __end_of_PIN_MANAGER_Initialize:
   882  07F7                     __ptext4:	
   883 ;; *************** function _OSCILLATOR_Initialize *****************
   884 ;; Defined at:
   885 ;;		line 57 in file "mcc_generated_files/mcc.c"
   886 ;; Parameters:    Size  Location     Type
   887 ;;		None
   888 ;; Auto vars:     Size  Location     Type
   889 ;;		None
   890 ;; Return value:  Size  Location     Type
   891 ;;                  1    wreg      void 
   892 ;; Registers used:
   893 ;;		status,2
   894 ;; Tracked objects:
   895 ;;		On entry : B3F/3E
   896 ;;		On exit  : B3F/11
   897 ;;		Unchanged: B00/0
   898 ;; Data sizes:     COMMON   BANK0   BANK1   BANK2   BANK3   BANK4   BANK5   BANK6
   899 ;;      Params:         0       0       0       0       0       0       0       0
   900 ;;      Locals:         0       0       0       0       0       0       0       0
   901 ;;      Temps:          0       0       0       0       0       0       0       0
   902 ;;      Totals:         0       0       0       0       0       0       0       0
   903 ;;Total ram usage:        0 bytes
   904 ;; Hardware stack levels used:    1
   905 ;; This function calls:
   906 ;;		Nothing
   907 ;; This function is called by:
   908 ;;		_SYSTEM_Initialize
   909 ;; This function uses a non-reentrant model
   910 ;;
   911                           
   912                           
   913                           ;psect for function _OSCILLATOR_Initialize
   914  07F7                     _OSCILLATOR_Initialize:
   915                           
   916                           ;mcc_generated_files/mcc.c: 59:     OSCEN = 0x00;
   917                           
   918                           ;incstack = 0
   919                           ; Regs used in _OSCILLATOR_Initialize: [status,2]
   920  07F7  0151               	movlb	17	; select bank17
   921  07F8  0191               	clrf	17	;volatile
   922                           
   923                           ;mcc_generated_files/mcc.c: 60:     OSCFRQ = 0x00;
   924  07F9  0193               	clrf	19	;volatile
   925                           
   926                           ;mcc_generated_files/mcc.c: 61:     OSCTUNE = 0x00;
   927  07FA  0192               	clrf	18	;volatile
   928  07FB  0008               	return
   929  07FC                     __end_of_OSCILLATOR_Initialize:
   930  007E                     btemp	set	126	;btemp
   931  007E                     wtemp0	set	126
   932  07FC                     __ptext2:	
   933 ;; *************** function _WDT_Initialize *****************
   934 ;; Defined at:
   935 ;;		line 64 in file "mcc_generated_files/mcc.c"
   936 ;; Parameters:    Size  Location     Type
   937 ;;		None
   938 ;; Auto vars:     Size  Location     Type
   939 ;;		None
   940 ;; Return value:  Size  Location     Type
   941 ;;                  1    wreg      void 
   942 ;; Registers used:
   943 ;;		wreg
   944 ;; Tracked objects:
   945 ;;		On entry : B3F/11
   946 ;;		On exit  : B3F/10
   947 ;;		Unchanged: B00/0
   948 ;; Data sizes:     COMMON   BANK0   BANK1   BANK2   BANK3   BANK4   BANK5   BANK6
   949 ;;      Params:         0       0       0       0       0       0       0       0
   950 ;;      Locals:         0       0       0       0       0       0       0       0
   951 ;;      Temps:          0       0       0       0       0       0       0       0
   952 ;;      Totals:         0       0       0       0       0       0       0       0
   953 ;;Total ram usage:        0 bytes
   954 ;; Hardware stack levels used:    1
   955 ;; This function calls:
   956 ;;		Nothing
   957 ;; This function is called by:
   958 ;;		_SYSTEM_Initialize
   959 ;; This function uses a non-reentrant model
   960 ;;
   961                           
   962                           
   963                           ;psect for function _WDT_Initialize
   964  07FC                     _WDT_Initialize:
   965  07FC                     l651:	
   966                           ;incstack = 0
   967                           ; Regs used in _WDT_Initialize: [wreg]
   968                           
   969                           
   970                           ;mcc_generated_files/mcc.c: 66:     WDTCON = 0x18;
   971  07FC  3018               	movlw	24
   972  07FD  0150               	movlb	16	; select bank16
   973  07FE  008C               	movwf	12	;volatile
   974  07FF  0008               	return
   975  0800                     __end_of_WDT_Initialize:
   976                           
   977                           	psect	cstackCOMMON
   978  0070                     __pcstackCOMMON:
   979  0070                     ?_PIN_MANAGER_Initialize:
   980  0070                     ??_PIN_MANAGER_Initialize:	
   981                           ; 1 bytes @ 0x0
   982                           
   983  0070                     ?_OSCILLATOR_Initialize:	
   984                           ; 1 bytes @ 0x0
   985                           
   986  0070                     ??_OSCILLATOR_Initialize:	
   987                           ; 1 bytes @ 0x0
   988                           
   989  0070                     ?_WDT_Initialize:	
   990                           ; 1 bytes @ 0x0
   991                           
   992  0070                     ??_WDT_Initialize:	
   993                           ; 1 bytes @ 0x0
   994                           
   995  0070                     ?_SYSTEM_Initialize:	
   996                           ; 1 bytes @ 0x0
   997                           
   998  0070                     ??_SYSTEM_Initialize:	
   999                           ; 1 bytes @ 0x0
  1000                           
  1001  0070                     ?_main:	
  1002                           ; 1 bytes @ 0x0
  1003                           
  1004  0070                     ??_main:	
  1005                           ; 1 bytes @ 0x0
  1006                           
  1007                           
  1008                           ; 1 bytes @ 0x0
  1009  0070                     	ds	2
  1010                           
  1011                           	psect	config
  1012                           
  1013                           ;Config register CONFIG1 @ 0x8007
  1014                           ;	External Oscillator Mode Selection bits
  1015                           ;	FEXTOSC = OFF, Oscillator not enabled
  1016                           ;	Power-up Default Value for COSC bits
  1017                           ;	RSTOSC = HFINTOSC_1MHZ, HFINTOSC (1 MHz)
  1018                           ;	Clock Out Enable bit
  1019                           ;	CLKOUTEN = OFF, CLKOUT function is disabled; I/O function on RA4
  1020                           ;	VDD Range Analog Calibration Selection bit
  1021                           ;	VDDAR = HI, Internal analog systems are calibrated for operation between VDD = 2.3V - 
      +                          5.5V
  1022  8007                     	org	32775
  1023  8007  3FED               	dw	16365
  1024                           
  1025                           ;Config register CONFIG2 @ 0x8008
  1026                           ;	Master Clear Enable bit
  1027                           ;	MCLRE = EXTMCLR, If LVP = 0, MCLR pin is MCLR; If LVP = 1, RA3 pin function is MCLR
  1028                           ;	Power-up Timer Selection bits
  1029                           ;	PWRTS = PWRT_OFF, PWRT is disabled
  1030                           ;	WDT Operating Mode bits
  1031                           ;	WDTE = ON, WDT enabled regardless of Sleep; SEN bit is ignored
  1032                           ;	Brown-out Reset Enable bits
  1033                           ;	BOREN = ON, Brown-out Reset Enabled, SBOREN bit is ignored
  1034                           ;	Brown-out Reset Voltage Selection bit
  1035                           ;	BORV = LO, Brown-out Reset Voltage (VBOR) set to 1.9V
  1036                           ;	PPSLOCKED One-Way Set Enable bit
  1037                           ;	PPS1WAY = ON, The PPSLOCKED bit can be cleared and set only once in software
  1038                           ;	Stack Overflow/Underflow Reset Enable bit
  1039                           ;	STVREN = ON, Stack Overflow or Underflow will cause a reset
  1040  8008                     	org	32776
  1041  8008  3FFF               	dw	16383
  1042                           
  1043                           ;Config register CONFIG4 @ 0x800A
  1044                           ;	Boot Block Size Selection bits
  1045                           ;	BBSIZE = BB512, 512 words boot block size
  1046                           ;	Boot Block Enable bit
  1047                           ;	BBEN = OFF, Boot Block is disabled
  1048                           ;	SAF Enable bit
  1049                           ;	SAFEN = OFF, SAF is disabled
  1050                           ;	Application Block Write Protection bit
  1051                           ;	WRTAPP = OFF, Application Block is not write-protected
  1052                           ;	Boot Block Write Protection bit
  1053                           ;	WRTB = OFF, Boot Block is not write-protected
  1054                           ;	Configuration Registers Write Protection bit
  1055                           ;	WRTC = OFF, Configuration Registers are not write-protected
  1056                           ;	Storage Area Flash (SAF) Write Protection bit
  1057                           ;	WRTSAF = OFF, SAF is not write-protected
  1058                           ;	Low Voltage Programming Enable bit
  1059                           ;	LVP = ON, Low Voltage programming enabled. MCLR/Vpp pin function is MCLR. MCLRE Config
      +                          uration bit is ignored.
  1060  800A                     	org	32778
  1061  800A  3FFF               	dw	16383
  1062                           
  1063                           ;Config register CONFIG5 @ 0x800B
  1064                           ;	User Program Flash Memory Code Protection bit
  1065                           ;	CP = OFF, User Program Flash Memory code protection is disabled
  1066  800B                     	org	32779
  1067  800B  3FFF               	dw	16383

Data Sizes:
    Strings     0
    Constant    0
    Data        0
    BSS         0
    Persistent  32
    Stack       0

Auto Spaces:
    Space          Size  Autos    Used
    COMMON           14      2       2
    BANK0            80      0       0
    BANK1            80      0       0
    BANK2            80      0       0
    BANK3            80      0       0
    BANK4            80      0       0
    BANK5            80      0       0
    BANK6            16      0       0

Pointer List with Targets:

    None.

Critical Paths under _main in COMMON

    None.

Critical Paths under _main in BANK0

    None.

Critical Paths under _main in BANK1

    None.

Critical Paths under _main in BANK2

    None.

Critical Paths under _main in BANK3

    None.

Critical Paths under _main in BANK4

    None.

Critical Paths under _main in BANK5

    None.

Critical Paths under _main in BANK6

    None.

Call Graph Tables:

 ---------------------------------------------------------------------------------
 (Depth) Function   	        Calls       Base Space   Used Autos Params    Refs
 ---------------------------------------------------------------------------------
 (0) _main                                                 2     2      0       0
                                              0 COMMON     2     2      0
                  _SYSTEM_Initialize
 ---------------------------------------------------------------------------------
 (1) _SYSTEM_Initialize                                    0     0      0       0
              _OSCILLATOR_Initialize
             _PIN_MANAGER_Initialize
                     _WDT_Initialize
 ---------------------------------------------------------------------------------
 (2) _WDT_Initialize                                       0     0      0       0
 ---------------------------------------------------------------------------------
 (2) _PIN_MANAGER_Initialize                               0     0      0       0
 ---------------------------------------------------------------------------------
 (2) _OSCILLATOR_Initialize                                0     0      0       0
 ---------------------------------------------------------------------------------
 Estimated maximum stack depth 2
 ---------------------------------------------------------------------------------

 Call Graph Graphs:

 _main (ROOT)
   _SYSTEM_Initialize
     _OSCILLATOR_Initialize
     _PIN_MANAGER_Initialize
     _WDT_Initialize

 Address spaces:
Name               Size   Autos  Total    Cost      Usage
BIGRAM             1F0      0       0       0        0.0%
NULL                 0      0       0       0        0.0%
CODE                 0      0       0       0        0.0%
BITCOMMON            E      0       0       1        0.0%
BITSFR0              0      0       0       1        0.0%
SFR0                 0      0       0       1        0.0%
COMMON               E      2       2       2       14.3%
BITSFR1              0      0       0       2        0.0%
SFR1                 0      0       0       2        0.0%
BITSFR2              0      0       0       3        0.0%
SFR2                 0      0       0       3        0.0%
STACK                0      0       0       3        0.0%
BITSFR3              0      0       0       4        0.0%
SFR3                 0      0       0       4        0.0%
ABS                  0      0       0       4        0.0%
BITBANK0            50      0       0       5        0.0%
BITSFR4              0      0       0       5        0.0%
SFR4                 0      0       0       5        0.0%
BANK0               50      0       0       6        0.0%
BITSFR5              0      0       0       6        0.0%
SFR5                 0      0       0       6        0.0%
BITBANK1            50      0       0       7        0.0%
BITSFR6              0      0       0       7        0.0%
SFR6                 0      0       0       7        0.0%
BANK1               50      0       0       8        0.0%
BITSFR7              0      0       0       8        0.0%
SFR7                 0      0       0       8        0.0%
BITBANK2            50      0       0       9        0.0%
BITSFR8              0      0       0       9        0.0%
SFR8                 0      0       0       9        0.0%
BANK2               50      0       0      10        0.0%
BITSFR9              0      0       0      10        0.0%
SFR9                 0      0       0      10        0.0%
BITBANK3            50      0       0      11        0.0%
BITSFR10             0      0       0      11        0.0%
SFR10                0      0       0      11        0.0%
BANK3               50      0       0      12        0.0%
BITSFR11             0      0       0      12        0.0%
SFR11                0      0       0      12        0.0%
BITBANK4            50      0       0      13        0.0%
BITSFR12             0      0       0      13        0.0%
SFR12                0      0       0      13        0.0%
BANK4               50      0       0      14        0.0%
BITSFR13             0      0       0      14        0.0%
SFR13                0      0       0      14        0.0%
BITBANK5            50      0       0      15        0.0%
BITSFR14             0      0       0      15        0.0%
SFR14                0      0       0      15        0.0%
BANK5               50      0       0      16        0.0%
BITSFR15             0      0       0      16        0.0%
SFR15                0      0       0      16        0.0%
BITBANK6            10      0       0      17        0.0%
BITSFR16             0      0       0      17        0.0%
SFR16                0      0       0      17        0.0%
BANK6               10      0       0      18        0.0%
BITSFR17             0      0       0      18        0.0%
SFR17                0      0       0      18        0.0%
BITSFR18             0      0       0      19        0.0%
SFR18                0      0       0      19        0.0%
DATA                 0      0       0      19        0.0%
BITSFR19             0      0       0      20        0.0%
SFR19                0      0       0      20        0.0%
BITSFR20             0      0       0      21        0.0%
SFR20                0      0       0      21        0.0%
BITSFR21             0      0       0      22        0.0%
SFR21                0      0       0      22        0.0%
BITSFR22             0      0       0      23        0.0%
SFR22                0      0       0      23        0.0%
BITSFR23             0      0       0      24        0.0%
SFR23                0      0       0      24        0.0%
BITSFR24             0      0       0      25        0.0%
SFR24                0      0       0      25        0.0%
BITSFR25             0      0       0      26        0.0%
SFR25                0      0       0      26        0.0%
BITSFR26             0      0       0      27        0.0%
SFR26                0      0       0      27        0.0%
BITSFR27             0      0       0      28        0.0%
SFR27                0      0       0      28        0.0%
BITSFR28             0      0       0      29        0.0%
SFR28                0      0       0      29        0.0%
BITSFR29             0      0       0      30        0.0%
SFR29                0      0       0      30        0.0%
BITSFR30             0      0       0      31        0.0%
SFR30                0      0       0      31        0.0%
BITSFR31             0      0       0      32        0.0%
SFR31                0      0       0      32        0.0%
BITSFR32             0      0       0      33        0.0%
SFR32                0      0       0      33        0.0%
BITSFR33             0      0       0      34        0.0%
SFR33                0      0       0      34        0.0%
BITSFR34             0      0       0      35        0.0%
SFR34                0      0       0      35        0.0%
BITSFR35             0      0       0      36        0.0%
SFR35                0      0       0      36        0.0%
BITSFR36             0      0       0      37        0.0%
SFR36                0      0       0      37        0.0%
BITSFR37             0      0       0      38        0.0%
SFR37                0      0       0      38        0.0%
BITSFR38             0      0       0      39        0.0%
SFR38                0      0       0      39        0.0%
BITSFR39             0      0       0      40        0.0%
SFR39                0      0       0      40        0.0%
BITSFR40             0      0       0      41        0.0%
SFR40                0      0       0      41        0.0%
BITSFR41             0      0       0      42        0.0%
SFR41                0      0       0      42        0.0%
BITSFR42             0      0       0      43        0.0%
SFR42                0      0       0      43        0.0%
BITSFR43             0      0       0      44        0.0%
SFR43                0      0       0      44        0.0%
BITSFR44             0      0       0      45        0.0%
SFR44                0      0       0      45        0.0%
BITSFR45             0      0       0      46        0.0%
SFR45                0      0       0      46        0.0%
BITSFR46             0      0       0      47        0.0%
SFR46                0      0       0      47        0.0%
BITSFR47             0      0       0      48        0.0%
SFR47                0      0       0      48        0.0%
BITSFR48             0      0       0      49        0.0%
SFR48                0      0       0      49        0.0%
BITSFR49             0      0       0      50        0.0%
SFR49                0      0       0      50        0.0%
BITSFR50             0      0       0      51        0.0%
SFR50                0      0       0      51        0.0%
BITSFR51             0      0       0      52        0.0%
SFR51                0      0       0      52        0.0%
BITSFR52             0      0       0      53        0.0%
SFR52                0      0       0      53        0.0%
BITSFR53             0      0       0      54        0.0%
SFR53                0      0       0      54        0.0%
BITSFR54             0      0       0      55        0.0%
SFR54                0      0       0      55        0.0%
BITSFR55             0      0       0      56        0.0%
SFR55                0      0       0      56        0.0%
BITSFR56             0      0       0      57        0.0%
SFR56                0      0       0      57        0.0%
BITSFR57             0      0       0      58        0.0%
SFR57                0      0       0      58        0.0%
BITSFR58             0      0       0      59        0.0%
SFR58                0      0       0      59        0.0%
BITSFR59             0      0       0      60        0.0%
SFR59                0      0       0      60        0.0%
BITSFR60             0      0       0      61        0.0%
SFR60                0      0       0      61        0.0%
BITSFR61             0      0       0      62        0.0%
SFR61                0      0       0      62        0.0%
BITSFR62             0      0       0      63        0.0%
SFR62                0      0       0      63        0.0%
BITSFR63             0      0       0      64        0.0%
SFR63                0      0       0      64        0.0%


Microchip Technology PIC Macro Assembler V2.20 build 20200408173844 
Symbol Table                                                                                   Mon Jun 15 12:28:51 2020

                             u17 07B2                               u27 07BE                               u37 07C8  
                            l651 07FC                              l665 07B9                              l659 07A8  
                            wreg 0009                             _LATA 0018                             _LATB 0019  
                           _LATC 001A                             _WPUA 1F39                             _WPUB 1F44  
                           _WPUC 1F4F                             _main 07A8                             btemp 007E  
                           start 0002   __size_of_OSCILLATOR_Initialize 0005    __end_of_OSCILLATOR_Initialize 07FC  
                          ?_main 0070                            _OSCEN 0891                            _TRISA 0012  
                          _TRISB 0013                            _TRISC 0014                   _WDT_Initialize 07FC  
                          wtemp0 007E                  __initialization 07A6                     __end_of_main 07CF  
                         ??_main 0070           __end_of_WDT_Initialize 0800                           _ANSELA 1F38  
                         _ANSELB 1F43                           _ANSELC 1F4E                           _ODCONA 1F3A  
                         _ODCONB 1F45                           _ODCONC 1F50                           _INLVLA 1F3C  
                         _INLVLB 1F47                           _INLVLC 1F52                           _OSCFRQ 0893  
                         _WDTCON 080C                  ?_WDT_Initialize 0070                _SYSTEM_Initialize 07CF  
        __end_of__initialization 07A6               ?_SYSTEM_Initialize 0070                   __pcstackCOMMON 0070  
            ??_SYSTEM_Initialize 0070        __end_of_SYSTEM_Initialize 07D4                       __pmaintext 07A8  
                        _OSCTUNE 0892                          _SLRCONA 1F3B                          _SLRCONB 1F46  
                        _SLRCONC 1F51                          __ptext1 07CF                          __ptext2 07FC  
                        __ptext3 07D4                          __ptext4 07F7            _OSCILLATOR_Initialize 07F7  
       ??_PIN_MANAGER_Initialize 0070       __size_of_SYSTEM_Initialize 0005             end_of_initialization 07A6  
               ??_WDT_Initialize 0070                        _TRISAbits 0012           ?_OSCILLATOR_Initialize 0070  
            start_initialization 07A6  __size_of_PIN_MANAGER_Initialize 0023                        ___latbits 0001  
         _PIN_MANAGER_Initialize 07D4          ??_OSCILLATOR_Initialize 0070                    __size_of_main 0027  
        __size_of_WDT_Initialize 0004          ?_PIN_MANAGER_Initialize 0070   __end_of_PIN_MANAGER_Initialize 07F7  
